2025-07-27 18:38:34.553 [e33924a2-3c04-47ce-aead-bbbddd09471c]  RULE_MATCH Check Rule matched successfully
2025-07-27 18:39:21.545 [6cb1e00c-b12f-41ec-9dda-bc703787740b]  RULE_MATCH Check Rule matched successfully
2025-07-27 18:40:17.782 []  RULE_MATCH Check Rule matched successfully
2025-07-27 18:57:15.422 []  RULE_MATCH Check Rule matched successfully
2025-07-27 18:57:15.570 []  RULE_MATCH Check Rule matched successfully
2025-07-27 18:58:09.149 []  RULE_MATCH Check Rule matched successfully
2025-07-27 18:58:09.243 [3ac4beca-d240-46ea-b2cd-33375f83a959]  RULE_MATCH Check Rule matched successfully
2025-07-27 18:58:09.244 [3ac4beca-d240-46ea-b2cd-33375f83a959]  RULE_MATCH Check Rule matched successfully
2025-07-27 18:58:09.295 []  RULE_MATCH Check Rule matched successfully
2025-07-27 18:58:19.599 [0c9d2b36-a469-4c5f-a3fc-9e685a200f2b]  RULE_MATCH Check Rule matched successfully
2025-07-27 18:58:19.602 [f513b9a2-f20c-461e-a1eb-9938b70bc355]  RULE_MATCH Check Rule matched successfully
2025-07-27 18:58:19.609 [d44944a5-1b52-4cc5-a777-eb65593ea08c]  RULE_MATCH Check Rule matched successfully
2025-07-27 18:59:44.797 [e665a7d3-f9f0-4e83-b82c-6eec09abc289]  RULE_MATCH Check Rule matched successfully
2025-07-27 18:59:44.802 [9ef97a41-f638-4aa5-b47b-80b98cd97bdb]  RULE_MATCH Check Rule matched successfully
2025-07-27 18:59:44.803 [9ef97a41-f638-4aa5-b47b-80b98cd97bdb]  RULE_MATCH Check Rule matched successfully
2025-07-27 18:59:44.804 [9ef97a41-f638-4aa5-b47b-80b98cd97bdb]  RULE_MATCH Check Rule matched successfully
2025-07-27 18:59:44.812 [47abdfa5-c82e-40ab-9f8c-fd2cf43965c3]  RULE_MATCH Check Rule matched successfully
2025-07-27 18:59:44.815 [349b1d51-f919-4c6f-87eb-98e71a2700c9]  RULE_MATCH Check Rule matched successfully
2025-07-27 18:59:44.818 [952bdf9c-4797-4f14-8ae2-fad60daeb776]  RULE_MATCH Check Rule matched successfully
2025-07-27 18:59:44.829 [4f70f64b-bba8-4a58-b9df-137363f7a007]  RULE_MATCH Check Rule matched successfully
2025-07-27 19:00:17.008 [56bdbd10-037b-4a52-b975-c789fdc4b614]  RULE_MATCH Check Rule matched successfully
2025-07-27 19:00:17.015 [888f63dd-427f-4da4-828b-6680a51c05d5]  RULE_MATCH Check Rule matched successfully
2025-07-27 19:00:17.015 [888f63dd-427f-4da4-828b-6680a51c05d5]  RULE_MATCH Check Rule matched successfully
2025-07-27 19:00:17.016 [888f63dd-427f-4da4-828b-6680a51c05d5]  RULE_MATCH Check Rule matched successfully
2025-07-27 19:00:17.026 [e2d03619-9e65-4819-820e-5be0bff90b21]  RULE_MATCH Check Rule matched successfully
2025-07-27 19:00:17.028 [49b1aebf-f0e0-4f43-9512-eebd87dd4d51]  RULE_MATCH Check Rule matched successfully
2025-07-27 19:00:17.032 [d00222f6-0f38-4524-96d8-34a63c9afaee]  RULE_MATCH Check Rule matched successfully
2025-07-27 19:00:17.042 [36bc2603-79dd-4d16-89ca-e4640f55912f]  RULE_MATCH Check Rule matched successfully
2025-07-27 19:00:31.334 [008835ba-c950-411b-b455-5ee344c9b13b]  RULE_MATCH test-rule Rule matched successfully
2025-07-27 19:00:31.455 [3d871d97-9eb6-4a3a-8af6-a03c8233e6e1]  RULE_MATCH Check Rule matched successfully
2025-07-27 19:00:32.326 []  RULE_MATCH Check Rule matched successfully
2025-07-27 19:00:32.402 [f097e5ee-77bc-4a33-8507-3305693704f3]  RULE_MATCH Check Rule matched successfully
2025-07-27 19:00:32.403 [f097e5ee-77bc-4a33-8507-3305693704f3]  RULE_MATCH Check Rule matched successfully
2025-07-27 19:00:32.432 []  RULE_MATCH Check Rule matched successfully
2025-07-27 19:00:32.459 [d42769d2-0a5c-412f-9d5f-610b591891ff]  RULE_MATCH Check Rule matched successfully
2025-07-27 19:00:32.462 [e6c26f49-01f9-4de9-b8c6-45b406efcaf1]  RULE_MATCH Check Rule matched successfully
2025-07-27 19:00:32.463 [e6c26f49-01f9-4de9-b8c6-45b406efcaf1]  RULE_MATCH Check Rule matched successfully
2025-07-27 19:00:32.463 [e6c26f49-01f9-4de9-b8c6-45b406efcaf1]  RULE_MATCH Check Rule matched successfully
2025-07-27 19:00:32.466 [efb49d33-9b58-4282-9905-761b39e0f519]  RULE_MATCH Check Rule matched successfully
2025-07-27 19:00:32.468 [82f458f1-5cf3-4c63-90a7-43ea22be546b]  RULE_MATCH Check Rule matched successfully
2025-07-27 19:00:32.469 [5bc43261-7d11-4b56-824d-53987bffda2d]  RULE_MATCH Check Rule matched successfully
2025-07-27 19:00:32.472 [e50f1024-c0ca-4ee0-a931-b894d97c6c71]  RULE_MATCH Check Rule matched successfully
2025-07-27 19:01:08.424 []  RULE_MATCH Check Rule matched successfully
2025-07-27 19:01:08.498 [140f7d5c-e1b4-48aa-b786-9a46feaab462]  RULE_MATCH Check Rule matched successfully
2025-07-27 19:01:08.498 [140f7d5c-e1b4-48aa-b786-9a46feaab462]  RULE_MATCH Check Rule matched successfully
2025-07-27 19:01:08.544 []  RULE_MATCH Check Rule matched successfully
2025-07-27 19:01:08.569 [d63a18e5-947c-4777-8e06-c677b13a8b02]  RULE_MATCH Check Rule matched successfully
2025-07-27 19:01:08.571 [e7952e62-928c-4045-81c7-083b7e80ecc4]  RULE_MATCH Check Rule matched successfully
2025-07-27 19:01:08.572 [e7952e62-928c-4045-81c7-083b7e80ecc4]  RULE_MATCH Check Rule matched successfully
2025-07-27 19:01:08.572 [e7952e62-928c-4045-81c7-083b7e80ecc4]  RULE_MATCH Check Rule matched successfully
2025-07-27 19:01:08.577 [a8175f84-0fb5-4b7c-aba6-743dc53b8b2f]  RULE_MATCH Check Rule matched successfully
2025-07-27 19:01:08.578 [b10fb3c3-a179-4568-97c5-94f410576660]  RULE_MATCH Check Rule matched successfully
2025-07-27 19:01:08.579 [43a26081-f3b0-461b-bd5f-49a8670efb2b]  RULE_MATCH Check Rule matched successfully
2025-07-27 19:01:08.582 [7292a494-0812-446a-af8e-40e74d66500d]  RULE_MATCH Check Rule matched successfully
2025-07-27 20:08:36.864 [40c30b38-438e-4bdf-b43f-b796d08b9986]  RULE_MATCH Check Rule matched successfully
2025-07-27 20:08:36.868 [93d4a861-7a49-440a-81d3-57072d518d4a]  RULE_MATCH Check Rule matched successfully
2025-07-27 20:08:36.869 [93d4a861-7a49-440a-81d3-57072d518d4a]  RULE_MATCH Check Rule matched successfully
2025-07-27 20:08:36.870 [93d4a861-7a49-440a-81d3-57072d518d4a]  RULE_MATCH Check Rule matched successfully
2025-07-27 20:08:36.877 [37dfee9a-4b51-4a13-a7d2-7a6da279485a]  RULE_MATCH Check Rule matched successfully
2025-07-27 20:08:36.880 [ab48c2a6-3855-487b-9759-d369169c405d]  RULE_MATCH Check Rule matched successfully
2025-07-27 20:08:36.883 [b528b217-8e48-4796-ac75-edb191ebc38a]  RULE_MATCH Check Rule matched successfully
2025-07-27 20:08:36.889 [f716c894-9569-4cb2-8ab0-7e84f5d1931e]  RULE_MATCH Check Rule matched successfully
2025-07-27 20:10:17.482 [b56509be-1e2d-41bf-ab64-089254a08eba]  RULE_MATCH Check Rule matched successfully
2025-07-27 20:10:17.487 [3c245c29-366e-4009-91da-3196c3bea5a3]  RULE_MATCH Check Rule matched successfully
2025-07-27 20:10:17.489 [3c245c29-366e-4009-91da-3196c3bea5a3]  RULE_MATCH Check Rule matched successfully
2025-07-27 20:10:17.490 [3c245c29-366e-4009-91da-3196c3bea5a3]  RULE_MATCH Check Rule matched successfully
2025-07-27 20:10:17.498 [c27f9b92-8265-4e38-a08e-c296d059445e]  RULE_MATCH Check Rule matched successfully
2025-07-27 20:10:17.500 [5344dec5-b7c5-40f2-ba3f-796b84a502e0]  RULE_MATCH Check Rule matched successfully
2025-07-27 20:10:17.502 [c72eaf38-b0b4-42c9-987a-7a21536165ef]  RULE_MATCH Check Rule matched successfully
2025-07-27 20:10:17.519 [66de8291-cfee-40ac-8681-447faf04fa14]  RULE_MATCH Check Rule matched successfully
2025-07-27 20:10:31.433 [3e1df612-c7b6-4b26-a835-d0e812dc4c23]  RULE_MATCH Check Rule matched successfully
2025-07-27 20:10:31.441 [7bf99615-ea34-452a-8a54-24650563303e]  RULE_MATCH Check Rule matched successfully
2025-07-27 20:10:31.441 [7bf99615-ea34-452a-8a54-24650563303e]  RULE_MATCH Check Rule matched successfully
2025-07-27 20:10:31.442 [7bf99615-ea34-452a-8a54-24650563303e]  RULE_MATCH Check Rule matched successfully
2025-07-27 20:10:31.450 [d67b03a5-b9f8-4042-8381-f06505b96055]  RULE_MATCH Check Rule matched successfully
2025-07-27 20:10:31.453 [1aea4dbc-8476-488a-bfbe-78c6d78eba11]  RULE_MATCH Check Rule matched successfully
2025-07-27 20:10:31.456 [44c97100-8235-412a-98a7-f57e170916e5]  RULE_MATCH Check Rule matched successfully
2025-07-27 20:10:31.464 [9bc855d6-522d-416a-984e-c75202e4ab4b]  RULE_MATCH Check Rule matched successfully
2025-07-27 20:28:05.552 []  RULE_MATCH Check Rule matched successfully
2025-07-27 20:28:05.660 [215d3c8d-2d52-4aec-9162-2b3c579c93fa]  RULE_MATCH Check Rule matched successfully
2025-07-27 20:28:05.661 [215d3c8d-2d52-4aec-9162-2b3c579c93fa]  RULE_MATCH Check Rule matched successfully
2025-07-27 20:28:05.711 []  RULE_MATCH Check Rule matched successfully
2025-07-27 20:28:42.056 []  RULE_MATCH Check Rule matched successfully
2025-07-27 20:28:42.115 [ae651a3f-e109-4d29-bf7a-11fa56e9491d]  RULE_MATCH Check Rule matched successfully
2025-07-27 20:28:42.116 [ae651a3f-e109-4d29-bf7a-11fa56e9491d]  RULE_MATCH Check Rule matched successfully
2025-07-27 20:28:42.151 []  RULE_MATCH Check Rule matched successfully
2025-07-27 20:28:42.176 [7a5c7b21-21ee-4aba-a99c-c4dbcda7b808]  RULE_MATCH Check Rule matched successfully
2025-07-27 20:28:42.178 [772415b0-22dc-4180-81c5-d2df54693214]  RULE_MATCH Check Rule matched successfully
2025-07-27 20:28:42.179 [772415b0-22dc-4180-81c5-d2df54693214]  RULE_MATCH Check Rule matched successfully
2025-07-27 20:28:42.179 [772415b0-22dc-4180-81c5-d2df54693214]  RULE_MATCH Check Rule matched successfully
2025-07-27 20:28:42.184 [07200ca4-c981-4acb-b53d-44cea0179e67]  RULE_MATCH Check Rule matched successfully
2025-07-27 20:28:42.186 [5783f298-c896-44a7-be7a-c0fd4dd9946b]  RULE_MATCH Check Rule matched successfully
2025-07-27 20:28:42.188 [c4d1fbdb-0df9-4d90-ac12-99642d4a96de]  RULE_MATCH Check Rule matched successfully
2025-07-27 20:28:42.191 [fb22ec07-2f73-4ef7-9ac4-a0bc3be95f51]  RULE_MATCH Check Rule matched successfully
2025-07-27 20:29:00.183 []  RULE_MATCH Check Rule matched successfully
2025-07-27 20:29:00.239 [1eed206a-97f9-4ebe-9308-b162141d6434]  RULE_MATCH Check Rule matched successfully
2025-07-27 20:29:00.240 [1eed206a-97f9-4ebe-9308-b162141d6434]  RULE_MATCH Check Rule matched successfully
2025-07-27 20:29:00.271 []  RULE_MATCH Check Rule matched successfully
2025-07-27 20:29:00.297 [44508c1f-d6d9-4d6e-b938-1bdb9a148a9d]  RULE_MATCH Check Rule matched successfully
2025-07-27 20:29:00.299 [945ac4ca-6438-4086-880a-2ca033398cde]  RULE_MATCH Check Rule matched successfully
2025-07-27 20:29:00.300 [945ac4ca-6438-4086-880a-2ca033398cde]  RULE_MATCH Check Rule matched successfully
2025-07-27 20:29:00.300 [945ac4ca-6438-4086-880a-2ca033398cde]  RULE_MATCH Check Rule matched successfully
2025-07-27 20:29:00.305 [d96328fd-c450-48cb-b0f8-4348b45f96f0]  RULE_MATCH Check Rule matched successfully
2025-07-27 20:29:00.306 [af6d3ef9-13d2-47ae-9ac0-697ff98bdee2]  RULE_MATCH Check Rule matched successfully
2025-07-27 20:29:00.307 [a4b6e9eb-2549-448f-b001-31a70d8df0c0]  RULE_MATCH Check Rule matched successfully
2025-07-27 20:29:00.311 [86faeb6b-a8e0-4a36-b85f-4065a409bc21]  RULE_MATCH Check Rule matched successfully
2025-07-27 21:21:26.280 []  RULE_MATCH Check Rule matched successfully
2025-07-27 21:21:26.338 [15498542-4080-4694-9e3f-9c49ed069a66]  RULE_MATCH Check Rule matched successfully
2025-07-27 21:21:26.338 [15498542-4080-4694-9e3f-9c49ed069a66]  RULE_MATCH Check Rule matched successfully
2025-07-27 21:21:26.373 []  RULE_MATCH Check Rule matched successfully
2025-07-27 21:21:26.398 [a248def9-0763-4c17-b261-cae9f768d938]  RULE_MATCH Check Rule matched successfully
2025-07-27 21:21:26.401 [0fd91043-e0b7-4735-b5f1-54f9e99ec98b]  RULE_MATCH Check Rule matched successfully
2025-07-27 21:21:26.401 [0fd91043-e0b7-4735-b5f1-54f9e99ec98b]  RULE_MATCH Check Rule matched successfully
2025-07-27 21:21:26.402 [0fd91043-e0b7-4735-b5f1-54f9e99ec98b]  RULE_MATCH Check Rule matched successfully
2025-07-27 21:21:26.408 [00937cc4-23c9-4574-b165-e7cb0c5a9166]  RULE_MATCH Check Rule matched successfully
2025-07-27 21:21:26.410 [1408f851-dc59-4fa8-b312-a09d4498916b]  RULE_MATCH Check Rule matched successfully
2025-07-27 21:21:26.412 [3e340dce-5141-4d06-9c09-a8bec8e6fcf3]  RULE_MATCH Check Rule matched successfully
2025-07-27 21:21:26.415 [6b45099c-d500-4854-94f1-c9592cc49a19]  RULE_MATCH Check Rule matched successfully
2025-07-27 21:37:56.783 []  RULE_MATCH Check Rule matched successfully
2025-07-27 21:37:56.839 [c0d8c780-a33d-4e9f-92ec-c54fa7aa04ad]  RULE_MATCH Check Rule matched successfully
2025-07-27 21:37:56.840 [c0d8c780-a33d-4e9f-92ec-c54fa7aa04ad]  RULE_MATCH Check Rule matched successfully
2025-07-27 21:37:56.875 []  RULE_MATCH Check Rule matched successfully
2025-07-27 21:37:56.899 [4700c0fb-06ac-4547-a3c6-92e0c8d80f8b]  RULE_MATCH Check Rule matched successfully
2025-07-27 21:37:56.901 [70a673fb-7805-4802-97d8-4123e53b79be]  RULE_MATCH Check Rule matched successfully
2025-07-27 21:37:56.902 [70a673fb-7805-4802-97d8-4123e53b79be]  RULE_MATCH Check Rule matched successfully
2025-07-27 21:37:56.902 [70a673fb-7805-4802-97d8-4123e53b79be]  RULE_MATCH Check Rule matched successfully
2025-07-27 21:37:56.908 [276e071f-a829-499c-b357-3d4a99e2ce99]  RULE_MATCH Check Rule matched successfully
2025-07-27 21:37:56.909 [ad5e35a6-2f1f-4335-a7a7-951d6ed11d84]  RULE_MATCH Check Rule matched successfully
2025-07-27 21:37:56.911 [d185d973-3375-4c50-827d-5e948a5fcaa0]  RULE_MATCH Check Rule matched successfully
2025-07-27 21:37:56.915 [d1672e74-8764-4f25-9a27-ac3f726e8edd]  RULE_MATCH Check Rule matched successfully
2025-07-27 21:51:16.512 []  RULE_MATCH Check Rule matched successfully
2025-07-27 21:51:16.567 [3000a2fa-b05f-47e9-a909-37dfb05f6691]  RULE_MATCH Check Rule matched successfully
2025-07-27 21:51:16.567 [3000a2fa-b05f-47e9-a909-37dfb05f6691]  RULE_MATCH Check Rule matched successfully
2025-07-27 21:51:16.598 []  RULE_MATCH Check Rule matched successfully
2025-07-27 21:51:16.621 [19ea4e9d-1e22-4689-8a23-a4a87b7ffdc6]  RULE_MATCH Check Rule matched successfully
2025-07-27 21:51:16.623 [3b4bea12-b231-40d6-8a68-c85ad27d4621]  RULE_MATCH Check Rule matched successfully
2025-07-27 21:51:16.623 [3b4bea12-b231-40d6-8a68-c85ad27d4621]  RULE_MATCH Check Rule matched successfully
2025-07-27 21:51:16.624 [3b4bea12-b231-40d6-8a68-c85ad27d4621]  RULE_MATCH Check Rule matched successfully
2025-07-27 21:51:16.635 [0c4f5107-8fb5-4968-8853-e239feac8b2f]  RULE_MATCH Check Rule matched successfully
2025-07-27 21:51:16.637 [804864e7-c3ce-4953-bce5-1a78fd8d6a63]  RULE_MATCH Check Rule matched successfully
2025-07-27 21:51:16.639 [349389fb-742d-4308-9e43-9401cc90dad1]  RULE_MATCH Check Rule matched successfully
2025-07-27 21:51:16.643 [6d586913-b709-446c-b889-8987c4f2bb9c]  RULE_MATCH Check Rule matched successfully
2025-07-27 21:51:50.589 []  RULE_MATCH Check Rule matched successfully
2025-07-27 21:51:50.650 [59fd8421-7832-4188-adb0-5c80f5287dbe]  RULE_MATCH Check Rule matched successfully
2025-07-27 21:51:50.651 [59fd8421-7832-4188-adb0-5c80f5287dbe]  RULE_MATCH Check Rule matched successfully
2025-07-27 21:51:50.688 []  RULE_MATCH Check Rule matched successfully
2025-07-27 21:51:50.716 [c3fd9b7b-04dc-40d3-a703-0c6dffc8f868]  RULE_MATCH Check Rule matched successfully
2025-07-27 21:51:50.720 [13a4e0e0-36c0-475f-a9db-d41d2173ac20]  RULE_MATCH Check Rule matched successfully
2025-07-27 21:51:50.720 [13a4e0e0-36c0-475f-a9db-d41d2173ac20]  RULE_MATCH Check Rule matched successfully
2025-07-27 21:51:50.721 [13a4e0e0-36c0-475f-a9db-d41d2173ac20]  RULE_MATCH Check Rule matched successfully
2025-07-27 21:51:50.726 [467d854f-63d0-42df-bd7c-10eb7b548556]  RULE_MATCH Check Rule matched successfully
2025-07-27 21:51:50.728 [72c467c2-c977-4784-aea3-089e5d5af91f]  RULE_MATCH Check Rule matched successfully
2025-07-27 21:51:50.729 [6a9e93ab-cf43-4029-add8-73f2a23f1d2e]  RULE_MATCH Check Rule matched successfully
2025-07-27 21:51:50.733 [338f51fe-8d56-4e6e-b7a3-8288925680fe]  RULE_MATCH Check Rule matched successfully
2025-07-27 21:52:07.755 []  RULE_MATCH Check Rule matched successfully
2025-07-27 21:52:07.817 [8b371c92-52fd-4d01-ae0f-96ae047f5b22]  RULE_MATCH Check Rule matched successfully
2025-07-27 21:52:07.817 [8b371c92-52fd-4d01-ae0f-96ae047f5b22]  RULE_MATCH Check Rule matched successfully
2025-07-27 21:52:07.851 []  RULE_MATCH Check Rule matched successfully
2025-07-27 21:52:07.876 [aa75ab4d-03c0-4615-8af2-2f0d67e42b45]  RULE_MATCH Check Rule matched successfully
2025-07-27 21:52:07.879 [b9bd1c6f-3871-4648-ae95-bad5351a474f]  RULE_MATCH Check Rule matched successfully
2025-07-27 21:52:07.879 [b9bd1c6f-3871-4648-ae95-bad5351a474f]  RULE_MATCH Check Rule matched successfully
2025-07-27 21:52:07.880 [b9bd1c6f-3871-4648-ae95-bad5351a474f]  RULE_MATCH Check Rule matched successfully
2025-07-27 21:52:07.885 [e77df92d-6da5-441c-9dda-2b04a2d61b5f]  RULE_MATCH Check Rule matched successfully
2025-07-27 21:52:07.887 [a6d59e21-4711-456d-b97e-48f2eb6e393e]  RULE_MATCH Check Rule matched successfully
2025-07-27 21:52:07.888 [af14226c-b307-48ce-a0cc-b8387607193b]  RULE_MATCH Check Rule matched successfully
2025-07-27 21:52:07.892 [01cb53b9-0a1a-4ade-946b-6de49ff7de78]  RULE_MATCH Check Rule matched successfully
2025-07-27 21:55:41.208 []  RULE_MATCH Check Rule matched successfully
2025-07-27 21:55:41.261 [511b627f-810c-4c8e-bb8a-3ea8344f6704]  RULE_MATCH Check Rule matched successfully
2025-07-27 21:55:41.261 [511b627f-810c-4c8e-bb8a-3ea8344f6704]  RULE_MATCH Check Rule matched successfully
2025-07-27 21:55:41.292 []  RULE_MATCH Check Rule matched successfully
2025-07-27 21:55:41.316 [0019a766-5147-4c88-9359-84a49d479af8]  RULE_MATCH Check Rule matched successfully
2025-07-27 21:55:41.318 [21b11b1d-1a02-4780-a6b4-ea69a72c34ac]  RULE_MATCH Check Rule matched successfully
2025-07-27 21:55:41.319 [21b11b1d-1a02-4780-a6b4-ea69a72c34ac]  RULE_MATCH Check Rule matched successfully
2025-07-27 21:55:41.319 [21b11b1d-1a02-4780-a6b4-ea69a72c34ac]  RULE_MATCH Check Rule matched successfully
2025-07-27 21:55:41.323 [d4d22e2d-e927-45b3-b430-47b3a8980384]  RULE_MATCH Check Rule matched successfully
2025-07-27 21:55:41.325 [9a85275e-e32f-4974-bae8-25c2583af798]  RULE_MATCH Check Rule matched successfully
2025-07-27 21:55:41.326 [0968594f-6b18-4302-bb7b-fb971d0b6464]  RULE_MATCH Check Rule matched successfully
2025-07-27 21:55:41.330 [1911f939-35d4-4114-9d24-74f469873317]  RULE_MATCH Check Rule matched successfully
2025-07-27 22:06:48.793 []  RULE_MATCH Check Rule matched successfully
2025-07-27 22:06:48.844 [607b4cee-a05b-40c2-86cf-b6c5b223bde9]  RULE_MATCH Check Rule matched successfully
2025-07-27 22:06:48.845 [607b4cee-a05b-40c2-86cf-b6c5b223bde9]  RULE_MATCH Check Rule matched successfully
2025-07-27 22:06:48.874 []  RULE_MATCH Check Rule matched successfully
2025-07-27 22:06:48.895 [11063445-fca2-4745-98a2-018f9ab787b6]  RULE_MATCH Check Rule matched successfully
2025-07-27 22:06:48.897 [845ad860-8f04-43c6-ae5d-72e0c1eaa164]  RULE_MATCH Check Rule matched successfully
2025-07-27 22:06:48.897 [845ad860-8f04-43c6-ae5d-72e0c1eaa164]  RULE_MATCH Check Rule matched successfully
2025-07-27 22:06:48.898 [845ad860-8f04-43c6-ae5d-72e0c1eaa164]  RULE_MATCH Check Rule matched successfully
2025-07-27 22:06:48.902 [ceaaf209-969c-4b6c-bb72-5aa54b9d4b0d]  RULE_MATCH Check Rule matched successfully
2025-07-27 22:06:48.904 [f675c600-1fac-4fe8-828b-a859f160fe69]  RULE_MATCH Check Rule matched successfully
2025-07-27 22:06:48.905 [7b417cac-4005-425d-8f30-de65a2a64766]  RULE_MATCH Check Rule matched successfully
2025-07-27 22:06:48.909 [7f13f49e-4003-40d5-9a10-f2f8ff4cc0a4]  RULE_MATCH Check Rule matched successfully
