2025-07-28 01:15:10.205 [main] INFO  [] d.m.r.r.i.ConfigurationApiIntegrationTest - Starting ConfigurationApiIntegrationTest using Java 23 with PID 57884 (started by mraysmit in C:\Users\mraysmit\dev\idea-projects\spel-rules-engine\rules-engine-rest-api)
2025-07-28 01:15:10.207 [main] INFO  [] d.m.r.r.i.ConfigurationApiIntegrationTest - The following 1 profile is active: "test"
2025-07-28 01:15:11.443 [main] INFO  [] o.a.coyote.http11.Http11NioProtocol - Initializing ProtocolHandler ["http-nio-auto-1"]
2025-07-28 01:15:11.633 [main] INFO  [] d.m.r.r.c.RulesEngineConfiguration - Creating YamlConfigurationLoader bean
2025-07-28 01:15:11.638 [main] INFO  [] d.m.r.r.c.RulesEngineConfiguration - Creating primary RulesService bean
2025-07-28 01:15:11.643 [main] INFO  [78681189-0e55-4978-ac47-d97669a91235] d.m.r.core.engine.config.RulesEngine - Configuration [RulesEngine]: Initialized with configuration: RulesEngineConfiguration
2025-07-28 01:15:11.670 [main] INFO  [78681189-0e55-4978-ac47-d97669a91235] d.m.r.r.c.RulesEngineConfiguration - Creating SimpleRulesEngine bean
2025-07-28 01:15:11.671 [main] INFO  [e4a04033-8da9-424a-a740-fb542b4dc620] d.m.r.core.engine.config.RulesEngine - Configuration [RulesEngine]: Initialized with configuration: RulesEngineConfiguration
2025-07-28 01:15:11.673 [main] INFO  [e4a04033-8da9-424a-a740-fb542b4dc620] d.m.r.r.c.RulesEngineConfiguration - Loading default rules configuration from: classpath:rules/test-rules.yaml
2025-07-28 01:15:11.673 [main] INFO  [e4a04033-8da9-424a-a740-fb542b4dc620] d.m.r.c.c.y.YamlConfigurationLoader - Loading YAML configuration from classpath: rules/test-rules.yaml
2025-07-28 01:15:11.674 [main] INFO  [e4a04033-8da9-424a-a740-fb542b4dc620] d.m.r.c.c.y.YamlConfigurationLoader - Loading YAML configuration from input stream
2025-07-28 01:15:11.766 [main] INFO  [e4a04033-8da9-424a-a740-fb542b4dc620] d.m.r.c.c.y.YamlConfigurationLoader - Successfully loaded configuration: Test Rules Configuration
2025-07-28 01:15:11.766 [main] INFO  [e4a04033-8da9-424a-a740-fb542b4dc620] d.m.r.r.c.RulesEngineConfiguration - Error recovery enabled
2025-07-28 01:15:11.766 [main] INFO  [6997a448-515b-467e-b9e6-82b609909259] d.m.r.core.engine.config.RulesEngine - Configuration [RulesEngine]: Initialized with configuration: RulesEngineConfiguration
2025-07-28 01:15:12.616 [main] INFO  [6997a448-515b-467e-b9e6-82b609909259] o.a.coyote.http11.Http11NioProtocol - Starting ProtocolHandler ["http-nio-auto-1"]
2025-07-28 01:15:12.638 [main] INFO  [6997a448-515b-467e-b9e6-82b609909259] d.m.r.r.i.ConfigurationApiIntegrationTest - Started ConfigurationApiIntegrationTest in 2.737 seconds (process running for 3.644)
2025-07-28 01:15:12.970 [http-nio-auto-1-exec-5] INFO  [] d.m.r.r.c.ConfigurationController - Uploading configuration file: test-config.yaml
2025-07-28 01:15:12.978 [http-nio-auto-1-exec-5] INFO  [] d.m.r.c.c.y.YamlConfigurationLoader - Loading YAML configuration from input stream
2025-07-28 01:15:12.979 [http-nio-auto-1-exec-5] INFO  [] d.m.r.c.c.y.YamlConfigurationLoader - Successfully loaded configuration: Upload Test Configuration
2025-07-28 01:15:12.979 [http-nio-auto-1-exec-5] INFO  [] d.m.r.r.c.ConfigurationController - Configuration file loaded successfully: test-config.yaml (263 bytes)
2025-07-28 01:15:12.995 [http-nio-auto-1-exec-3] INFO  [] d.m.r.r.c.ConfigurationController - Loading new YAML configuration
2025-07-28 01:15:12.995 [http-nio-auto-1-exec-3] INFO  [] d.m.r.c.c.y.YamlConfigurationLoader - Loading YAML configuration from input stream
2025-07-28 01:15:12.995 [http-nio-auto-1-exec-3] ERROR [] d.m.r.r.c.ConfigurationController - [TEST-EXPECTED-ERROR] Error loading configuration: Rule name is required for rule: test-rule
2025-07-28 01:15:13.010 [http-nio-auto-1-exec-6] INFO  [] d.m.r.r.c.ConfigurationController - Validating YAML configuration
2025-07-28 01:15:13.010 [http-nio-auto-1-exec-6] INFO  [] d.m.r.c.c.y.YamlConfigurationLoader - Loading YAML configuration from input stream
2025-07-28 01:15:13.011 [http-nio-auto-1-exec-6] WARN  [] d.m.r.r.c.ConfigurationController - [TEST-EXPECTED-WARNING] Configuration validation failed: Failed to load configuration from input stream
2025-07-28 01:15:13.023 [http-nio-auto-1-exec-8] INFO  [] d.m.r.r.c.ConfigurationController - Loading new YAML configuration
2025-07-28 01:15:13.023 [http-nio-auto-1-exec-8] INFO  [] d.m.r.c.c.y.YamlConfigurationLoader - Loading YAML configuration from input stream
2025-07-28 01:15:13.023 [http-nio-auto-1-exec-8] INFO  [] d.m.r.c.c.y.YamlConfigurationLoader - Successfully loaded configuration: Workflow Test
2025-07-28 01:15:13.023 [http-nio-auto-1-exec-8] INFO  [] d.m.r.r.c.ConfigurationController - Configuration loaded successfully: 1 rules, 0 enrichments
2025-07-28 01:15:13.041 [http-nio-auto-1-exec-2] INFO  [] d.m.r.r.c.ConfigurationController - Loading new YAML configuration
2025-07-28 01:15:13.041 [http-nio-auto-1-exec-2] INFO  [] d.m.r.c.c.y.YamlConfigurationLoader - Loading YAML configuration from input stream
2025-07-28 01:15:13.042 [http-nio-auto-1-exec-2] INFO  [] d.m.r.c.c.y.YamlConfigurationLoader - Successfully loaded configuration: Test Configuration
2025-07-28 01:15:13.042 [http-nio-auto-1-exec-2] INFO  [] d.m.r.r.c.ConfigurationController - Configuration loaded successfully: 1 rules, 1 enrichments
2025-07-28 01:15:13.048 [http-nio-auto-1-exec-1] INFO  [] d.m.r.r.c.ConfigurationController - Validating YAML configuration
2025-07-28 01:15:13.048 [http-nio-auto-1-exec-1] INFO  [] d.m.r.c.c.y.YamlConfigurationLoader - Loading YAML configuration from input stream
2025-07-28 01:15:13.049 [http-nio-auto-1-exec-1] INFO  [] d.m.r.c.c.y.YamlConfigurationLoader - Successfully loaded configuration: Validation Test
2025-07-28 01:15:13.049 [http-nio-auto-1-exec-1] INFO  [] d.m.r.r.c.ConfigurationController - Configuration validation successful
2025-07-28 01:15:13.134 [http-nio-auto-1-exec-5] INFO  [] d.m.r.r.controller.RulesController - Evaluating rule check: age-check
2025-07-28 01:15:13.137 [http-nio-auto-1-exec-5] INFO  [] d.m.r.core.engine.config.RulesEngine - Starting evaluation of rule: Check
2025-07-28 01:15:13.140 [http-nio-auto-1-exec-5] INFO  [] d.m.r.core.engine.config.RulesEngine - Rule 'Check' evaluated to true in 2.00ms
2025-07-28 01:15:13.142 [http-nio-auto-1-exec-5] INFO  [] d.m.r.r.controller.RulesController - Rule check completed: matched=true
2025-07-28 01:15:13.156 [http-nio-auto-1-exec-3] INFO  [] d.m.r.r.controller.RulesController - Defined rule: positive-check with condition: #value > 0
2025-07-28 01:15:13.182 [http-nio-auto-1-exec-6] INFO  [] d.m.r.r.controller.RulesController - Evaluating rule check: age-check
2025-07-28 01:15:13.182 [http-nio-auto-1-exec-6] INFO  [] d.m.r.core.engine.config.RulesEngine - Starting evaluation of rule: Check
2025-07-28 01:15:13.183 [http-nio-auto-1-exec-6] INFO  [] d.m.r.core.engine.config.RulesEngine - Rule 'Check' evaluated to false in 0.00ms
2025-07-28 01:15:13.183 [http-nio-auto-1-exec-6] INFO  [] d.m.r.r.controller.RulesController - Rule check completed: matched=false
2025-07-28 01:15:13.196 [http-nio-auto-1-exec-7] INFO  [] d.m.r.r.controller.RulesController - Starting validation with 2 rules
2025-07-28 01:15:13.197 [http-nio-auto-1-exec-7] INFO  [d5b66bc3-1c72-43c3-97f9-1ff5c61c50fa] d.m.r.core.engine.config.RulesEngine - Configuration [RulesEngine]: Initialized with configuration: RulesEngineConfiguration
2025-07-28 01:15:13.197 [http-nio-auto-1-exec-7] INFO  [d5b66bc3-1c72-43c3-97f9-1ff5c61c50fa] d.m.r.core.engine.config.RulesEngine - Starting evaluation of rule: Check
2025-07-28 01:15:13.198 [http-nio-auto-1-exec-7] INFO  [d5b66bc3-1c72-43c3-97f9-1ff5c61c50fa] d.m.r.core.engine.config.RulesEngine - Rule 'Check' evaluated to true in 0.00ms
2025-07-28 01:15:13.198 [http-nio-auto-1-exec-7] INFO  [d5b66bc3-1c72-43c3-97f9-1ff5c61c50fa] d.m.r.core.engine.config.RulesEngine - Starting evaluation of rule: Check
2025-07-28 01:15:13.198 [http-nio-auto-1-exec-7] INFO  [d5b66bc3-1c72-43c3-97f9-1ff5c61c50fa] d.m.r.core.engine.config.RulesEngine - Rule 'Check' evaluated to true in 0.00ms
2025-07-28 01:15:13.198 [http-nio-auto-1-exec-7] INFO  [d5b66bc3-1c72-43c3-97f9-1ff5c61c50fa] d.m.r.r.s.RuleEvaluationService - Validation completed: valid=true, passed=2, failed=0
2025-07-28 01:15:13.198 [http-nio-auto-1-exec-7] INFO  [d5b66bc3-1c72-43c3-97f9-1ff5c61c50fa] d.m.r.r.controller.RulesController - Validation completed: valid=true, errors=0, warnings=0
2025-07-28 01:15:13.208 [http-nio-auto-1-exec-8] INFO  [] d.m.r.r.controller.RulesController - Evaluating rule check: invalid-rule
2025-07-28 01:15:13.208 [http-nio-auto-1-exec-8] INFO  [] d.m.r.core.engine.config.RulesEngine - Starting evaluation of rule: Check
2025-07-28 01:15:13.209 [http-nio-auto-1-exec-8] WARN  [] d.m.r.core.engine.config.RulesEngine - [TEST-EXPECTED-WARNING] Missing parameters for rule 'Check': [invalid]
2025-07-28 01:15:13.209 [http-nio-auto-1-exec-8] INFO  [] d.m.r.r.controller.RulesController - Rule check completed: matched=false
2025-07-28 01:15:13.227 [http-nio-auto-1-exec-2] INFO  [] d.m.r.core.engine.config.RulesEngine - Starting evaluation of rule: Check
2025-07-28 01:15:13.229 [http-nio-auto-1-exec-2] INFO  [] d.m.r.core.engine.config.RulesEngine - Rule 'Check' evaluated to true in 0.00ms
2025-07-28 01:15:13.234 [http-nio-auto-1-exec-1] INFO  [] d.m.r.r.controller.RulesController - Starting validation with 2 rules
2025-07-28 01:15:13.234 [http-nio-auto-1-exec-1] INFO  [bfecbb57-dcb7-4847-ab5e-d37333408ed1] d.m.r.core.engine.config.RulesEngine - Configuration [RulesEngine]: Initialized with configuration: RulesEngineConfiguration
2025-07-28 01:15:13.234 [http-nio-auto-1-exec-1] INFO  [bfecbb57-dcb7-4847-ab5e-d37333408ed1] d.m.r.core.engine.config.RulesEngine - Starting evaluation of rule: Check
2025-07-28 01:15:13.235 [http-nio-auto-1-exec-1] INFO  [bfecbb57-dcb7-4847-ab5e-d37333408ed1] d.m.r.core.engine.config.RulesEngine - Rule 'Check' evaluated to false in 0.00ms
2025-07-28 01:15:13.235 [http-nio-auto-1-exec-1] INFO  [bfecbb57-dcb7-4847-ab5e-d37333408ed1] d.m.r.core.engine.config.RulesEngine - Starting evaluation of rule: Check
2025-07-28 01:15:13.235 [http-nio-auto-1-exec-1] WARN  [bfecbb57-dcb7-4847-ab5e-d37333408ed1] d.m.r.core.engine.config.RulesEngine - [TEST-EXPECTED-WARNING] Missing parameters for rule 'Check': [email]
2025-07-28 01:15:13.235 [http-nio-auto-1-exec-1] INFO  [bfecbb57-dcb7-4847-ab5e-d37333408ed1] d.m.r.r.s.RuleEvaluationService - Validation completed: valid=false, passed=0, failed=2
2025-07-28 01:15:13.235 [http-nio-auto-1-exec-1] INFO  [bfecbb57-dcb7-4847-ab5e-d37333408ed1] d.m.r.r.controller.RulesController - Validation completed: valid=false, errors=2, warnings=0
2025-07-28 01:15:13.247 [main] INFO  [35bf7403-c2cd-43eb-8d78-5bf8a7ce1fb6] d.m.r.core.engine.config.RulesEngine - Configuration [RulesEngine]: Initialized with configuration: RulesEngineConfiguration
2025-07-28 01:15:13.249 [main] INFO  [2ac03e99-869e-4312-a6d9-2125a92837e5] d.m.r.core.engine.config.RulesEngine - Configuration [RulesEngine]: Initialized with configuration: RulesEngineConfiguration
2025-07-28 01:15:13.249 [main] INFO  [71bfe617-940e-491b-b5f4-816cb72a29ff] d.m.r.core.engine.config.RulesEngine - Configuration [RulesEngine]: Initialized with configuration: RulesEngineConfiguration
2025-07-28 01:15:13.249 [main] INFO  [71bfe617-940e-491b-b5f4-816cb72a29ff] d.m.r.core.engine.config.RulesEngine - Starting evaluation of rule: Check
2025-07-28 01:15:13.249 [main] INFO  [71bfe617-940e-491b-b5f4-816cb72a29ff] d.m.r.core.engine.config.RulesEngine - Rule 'Check' evaluated to true in 0.00ms
2025-07-28 01:15:13.249 [main] INFO  [71bfe617-940e-491b-b5f4-816cb72a29ff] d.m.r.core.engine.config.RulesEngine - Starting evaluation of rule: Check
2025-07-28 01:15:13.250 [main] INFO  [71bfe617-940e-491b-b5f4-816cb72a29ff] d.m.r.core.engine.config.RulesEngine - Rule 'Check' evaluated to false in 0.00ms
2025-07-28 01:15:13.250 [main] INFO  [71bfe617-940e-491b-b5f4-816cb72a29ff] d.m.r.r.s.RuleEvaluationService - Validation completed: valid=false, passed=1, failed=1
2025-07-28 01:15:13.251 [main] INFO  [0c626d5c-0c46-41b1-b017-d7a4d991826b] d.m.r.core.engine.config.RulesEngine - Configuration [RulesEngine]: Initialized with configuration: RulesEngineConfiguration
2025-07-28 01:15:13.251 [main] INFO  [4f73062d-af42-4687-bfe3-6cd2340f6327] d.m.r.core.engine.config.RulesEngine - Configuration [RulesEngine]: Initialized with configuration: RulesEngineConfiguration
2025-07-28 01:15:13.251 [main] INFO  [4f73062d-af42-4687-bfe3-6cd2340f6327] d.m.r.core.engine.config.RulesEngine - Starting evaluation of rule: Check
2025-07-28 01:15:13.252 [main] INFO  [4f73062d-af42-4687-bfe3-6cd2340f6327] d.m.r.core.engine.config.RulesEngine - Rule 'Check' evaluated to true in 0.00ms
2025-07-28 01:15:13.252 [main] INFO  [4f73062d-af42-4687-bfe3-6cd2340f6327] d.m.r.core.engine.config.RulesEngine - Starting evaluation of rule: Check
2025-07-28 01:15:13.252 [main] INFO  [4f73062d-af42-4687-bfe3-6cd2340f6327] d.m.r.core.engine.config.RulesEngine - Rule 'Check' evaluated to true in 0.00ms
2025-07-28 01:15:13.253 [main] INFO  [4f73062d-af42-4687-bfe3-6cd2340f6327] d.m.r.core.engine.config.RulesEngine - Starting evaluation of rule: Check
2025-07-28 01:15:13.253 [main] INFO  [4f73062d-af42-4687-bfe3-6cd2340f6327] d.m.r.core.engine.config.RulesEngine - Rule 'Check' evaluated to true in 0.00ms
2025-07-28 01:15:13.253 [main] INFO  [4f73062d-af42-4687-bfe3-6cd2340f6327] d.m.r.r.s.RuleEvaluationService - Validation completed: valid=true, passed=3, failed=0
2025-07-28 01:15:13.254 [main] INFO  [a338f1c5-e1bf-411d-a032-37f8d7f18dec] d.m.r.core.engine.config.RulesEngine - Configuration [RulesEngine]: Initialized with configuration: RulesEngineConfiguration
2025-07-28 01:15:13.254 [main] INFO  [006a32db-3b3c-4d6e-a6e8-8a30eba09102] d.m.r.core.engine.config.RulesEngine - Configuration [RulesEngine]: Initialized with configuration: RulesEngineConfiguration
2025-07-28 01:15:13.254 [main] INFO  [006a32db-3b3c-4d6e-a6e8-8a30eba09102] d.m.r.core.engine.config.RulesEngine - Starting evaluation of rule: Check
2025-07-28 01:15:13.254 [main] INFO  [006a32db-3b3c-4d6e-a6e8-8a30eba09102] d.m.r.core.engine.config.RulesEngine - Rule 'Check' evaluated to false in 0.00ms
2025-07-28 01:15:13.255 [main] INFO  [006a32db-3b3c-4d6e-a6e8-8a30eba09102] d.m.r.r.s.RuleEvaluationService - Validation completed: valid=false, passed=0, failed=1
2025-07-28 01:15:13.255 [main] INFO  [23f4fbfe-6a86-46a8-a930-4596c301273c] d.m.r.core.engine.config.RulesEngine - Configuration [RulesEngine]: Initialized with configuration: RulesEngineConfiguration
2025-07-28 01:15:13.256 [main] WARN  [23f4fbfe-6a86-46a8-a930-4596c301273c] d.m.r.r.s.RuleEvaluationService - No validation rules provided
2025-07-28 01:15:13.256 [main] INFO  [b5810662-2d33-4e21-8b05-b8d863f717b8] d.m.r.core.engine.config.RulesEngine - Configuration [RulesEngine]: Initialized with configuration: RulesEngineConfiguration
2025-07-28 01:15:13.256 [main] INFO  [b5810662-2d33-4e21-8b05-b8d863f717b8] d.m.r.core.engine.config.RulesEngine - Starting evaluation of rule: Check
2025-07-28 01:15:13.256 [main] WARN  [b5810662-2d33-4e21-8b05-b8d863f717b8] d.m.r.core.engine.config.RulesEngine - [TEST-EXPECTED-WARNING] Missing parameters for rule 'Check': [invalid]
2025-07-28 01:15:13.257 [main] INFO  [1ace4b25-c626-4535-870d-27550de5e050] d.m.r.core.engine.config.RulesEngine - Configuration [RulesEngine]: Initialized with configuration: RulesEngineConfiguration
2025-07-28 01:15:13.257 [main] INFO  [1ac5dd02-07c6-426d-9462-beb7dd59acd1] d.m.r.core.engine.config.RulesEngine - Configuration [RulesEngine]: Initialized with configuration: RulesEngineConfiguration
2025-07-28 01:15:13.257 [main] INFO  [1ac5dd02-07c6-426d-9462-beb7dd59acd1] d.m.r.core.engine.config.RulesEngine - Starting evaluation of rule: Check
2025-07-28 01:15:13.257 [main] INFO  [1ac5dd02-07c6-426d-9462-beb7dd59acd1] d.m.r.core.engine.config.RulesEngine - Rule 'Check' evaluated to false in 0.00ms
2025-07-28 01:15:13.257 [main] INFO  [1ac5dd02-07c6-426d-9462-beb7dd59acd1] d.m.r.core.engine.config.RulesEngine - Starting evaluation of rule: Check
2025-07-28 01:15:13.258 [main] INFO  [1ac5dd02-07c6-426d-9462-beb7dd59acd1] d.m.r.core.engine.config.RulesEngine - Rule 'Check' evaluated to true in 0.00ms
2025-07-28 01:15:13.258 [main] INFO  [1ac5dd02-07c6-426d-9462-beb7dd59acd1] d.m.r.core.engine.config.RulesEngine - Starting evaluation of rule: Check
2025-07-28 01:15:13.258 [main] INFO  [1ac5dd02-07c6-426d-9462-beb7dd59acd1] d.m.r.core.engine.config.RulesEngine - Rule 'Check' evaluated to false in 0.00ms
2025-07-28 01:15:13.258 [main] INFO  [1ac5dd02-07c6-426d-9462-beb7dd59acd1] d.m.r.r.s.RuleEvaluationService - Validation completed: valid=false, passed=1, failed=2
2025-07-28 01:15:13.259 [main] INFO  [2bb2707e-9c36-4e40-934d-d713f5f3b428] d.m.r.core.engine.config.RulesEngine - Configuration [RulesEngine]: Initialized with configuration: RulesEngineConfiguration
2025-07-28 01:15:13.259 [main] INFO  [2bb2707e-9c36-4e40-934d-d713f5f3b428] d.m.r.core.engine.config.RulesEngine - Starting evaluation of rule: Check
2025-07-28 01:15:13.259 [main] INFO  [2bb2707e-9c36-4e40-934d-d713f5f3b428] d.m.r.core.engine.config.RulesEngine - Rule 'Check' evaluated to true in 0.00ms
2025-07-28 01:15:13.260 [main] INFO  [4c814673-c34b-4dbb-ae94-7a96ade36d89] d.m.r.core.engine.config.RulesEngine - Configuration [RulesEngine]: Initialized with configuration: RulesEngineConfiguration
2025-07-28 01:15:13.260 [main] INFO  [4c814673-c34b-4dbb-ae94-7a96ade36d89] d.m.r.core.engine.config.RulesEngine - Starting evaluation of rule: Check
2025-07-28 01:15:13.260 [main] INFO  [4c814673-c34b-4dbb-ae94-7a96ade36d89] d.m.r.core.engine.config.RulesEngine - Rule 'Check' evaluated to true in 0.00ms
2025-07-28 01:15:13.261 [main] INFO  [9bab152c-c2a2-431c-87e3-52dfe6cb2ed2] d.m.r.core.engine.config.RulesEngine - Configuration [RulesEngine]: Initialized with configuration: RulesEngineConfiguration
2025-07-28 01:15:13.261 [main] INFO  [9bab152c-c2a2-431c-87e3-52dfe6cb2ed2] d.m.r.core.engine.config.RulesEngine - Starting evaluation of rule: Check
2025-07-28 01:15:13.261 [main] WARN  [9bab152c-c2a2-431c-87e3-52dfe6cb2ed2] d.m.r.core.engine.config.RulesEngine - [TEST-EXPECTED-WARNING] Missing parameters for rule 'Check': [invalid]
2025-07-28 01:15:13.262 [main] INFO  [35d2ffa9-cc93-4bef-b495-7d2cdc670f6a] d.m.r.core.engine.config.RulesEngine - Configuration [RulesEngine]: Initialized with configuration: RulesEngineConfiguration
2025-07-28 01:15:13.262 [main] INFO  [35d2ffa9-cc93-4bef-b495-7d2cdc670f6a] d.m.r.core.engine.config.RulesEngine - Starting evaluation of rule: Check
2025-07-28 01:15:13.262 [main] INFO  [35d2ffa9-cc93-4bef-b495-7d2cdc670f6a] d.m.r.core.engine.config.RulesEngine - Rule 'Check' evaluated to false in 0.00ms
2025-07-28 01:15:13.264 [main] INFO  [19364015-45bf-4760-b072-fcf082799efa] d.m.r.core.engine.config.RulesEngine - Configuration [RulesEngine]: Initialized with configuration: RulesEngineConfiguration
2025-07-28 01:15:13.264 [main] WARN  [19364015-45bf-4760-b072-fcf082799efa] d.m.r.r.s.RuleEvaluationService - No validation rules provided
2025-07-28 01:15:13.264 [main] INFO  [2ce3d40f-aaf4-42cc-b3a8-724d0b8da0be] d.m.r.core.engine.config.RulesEngine - Configuration [RulesEngine]: Initialized with configuration: RulesEngineConfiguration
2025-07-28 01:15:13.264 [main] INFO  [2ce3d40f-aaf4-42cc-b3a8-724d0b8da0be] d.m.r.core.engine.config.RulesEngine - Starting evaluation of rule: Check
2025-07-28 01:15:13.265 [main] INFO  [2ce3d40f-aaf4-42cc-b3a8-724d0b8da0be] d.m.r.core.engine.config.RulesEngine - Rule 'Check' evaluated to true in 0.00ms
