2025-07-26 00:02:45.623 [f9c3447c-2e5c-46d2-9911-cfaf89f2a328]  RULE_MATCH Check Rule matched successfully
2025-07-26 00:02:45.629 [f9c3447c-2e5c-46d2-9911-cfaf89f2a328]  RULE_MATCH Check Rule matched successfully
2025-07-26 00:02:45.638 [f9c3447c-2e5c-46d2-9911-cfaf89f2a328]  RULE_MATCH Check Rule matched successfully
2025-07-26 00:02:45.639 [f9c3447c-2e5c-46d2-9911-cfaf89f2a328]  RULE_MATCH Check Rule matched successfully
2025-07-26 00:02:45.640 [f9c3447c-2e5c-46d2-9911-cfaf89f2a328]  RULE_MATCH Check Rule matched successfully
2025-07-26 00:02:45.643 [f9c3447c-2e5c-46d2-9911-cfaf89f2a328]  RULE_MATCH Check Rule matched successfully
2025-07-26 00:02:45.651 [a4aa4c45-b3ad-4d6a-9082-1b7e0cfa1bf8]  RULE_MATCH Check Rule matched successfully
2025-07-26 00:02:45.654 [a4aa4c45-b3ad-4d6a-9082-1b7e0cfa1bf8]  RULE_MATCH Check Rule matched successfully
2025-07-26 00:02:45.657 [a4aa4c45-b3ad-4d6a-9082-1b7e0cfa1bf8]  RULE_MATCH Check Rule matched successfully
2025-07-26 00:02:45.661 [a4aa4c45-b3ad-4d6a-9082-1b7e0cfa1bf8]  RULE_MATCH Check Rule matched successfully
2025-07-26 00:12:18.707 [8d8612cd-60f7-40bb-8f2a-d0d6138a688d]  RULE_MATCH Check Rule matched successfully
2025-07-26 00:12:18.710 [8d8612cd-60f7-40bb-8f2a-d0d6138a688d]  RULE_MATCH Check Rule matched successfully
2025-07-26 00:12:18.719 [8d8612cd-60f7-40bb-8f2a-d0d6138a688d]  RULE_MATCH Check Rule matched successfully
2025-07-26 00:12:18.720 [8d8612cd-60f7-40bb-8f2a-d0d6138a688d]  RULE_MATCH Check Rule matched successfully
2025-07-26 00:12:18.721 [8d8612cd-60f7-40bb-8f2a-d0d6138a688d]  RULE_MATCH Check Rule matched successfully
2025-07-26 00:12:18.725 [8d8612cd-60f7-40bb-8f2a-d0d6138a688d]  RULE_MATCH Check Rule matched successfully
2025-07-26 00:12:18.733 [041dbad4-4546-4873-a3fe-56b41bd96a97]  RULE_MATCH Check Rule matched successfully
2025-07-26 00:12:18.738 [041dbad4-4546-4873-a3fe-56b41bd96a97]  RULE_MATCH Check Rule matched successfully
2025-07-26 00:12:18.740 [041dbad4-4546-4873-a3fe-56b41bd96a97]  RULE_MATCH Check Rule matched successfully
2025-07-26 00:12:18.744 [041dbad4-4546-4873-a3fe-56b41bd96a97]  RULE_MATCH Check Rule matched successfully
2025-07-26 11:32:00.113 [188347bf-d7f0-44fa-9c09-4bb37bc6fec8]  RULE_MATCH Trade ID Validation Rule matched successfully
2025-07-26 11:32:00.117 [188347bf-d7f0-44fa-9c09-4bb37bc6fec8]  RULE_MATCH Notional Amount Validation Rule matched successfully
2025-07-26 11:32:00.127 [188347bf-d7f0-44fa-9c09-4bb37bc6fec8]  RULE_MATCH Trade Date Validation Rule matched successfully
2025-07-26 11:32:00.127 [188347bf-d7f0-44fa-9c09-4bb37bc6fec8]  RULE_MATCH Currency Consistency Validation Rule matched successfully
2025-07-26 11:32:00.129 [188347bf-d7f0-44fa-9c09-4bb37bc6fec8]  RULE_MATCH Minimum Notional Amount Rule matched successfully
2025-07-26 11:32:00.134 [188347bf-d7f0-44fa-9c09-4bb37bc6fec8]  RULE_MATCH Maximum Maturity Period Rule matched successfully
2025-07-26 11:32:00.136 [188347bf-d7f0-44fa-9c09-4bb37bc6fec8]  RULE_MATCH Energy Commodity Validation Rule matched successfully
2025-07-26 11:32:00.140 [188347bf-d7f0-44fa-9c09-4bb37bc6fec8]  RULE_MATCH Account Client Validation Rule matched successfully
