2025-07-28 01:07:15.560 [2559a7b4-940f-45bb-bde2-433949e0d7db]  RULE_MATCH Positive Check Rule matched successfully
2025-07-28 01:07:15.563 [2559a7b4-940f-45bb-bde2-433949e0d7db]  RULE_MATCH Range Check Rule matched successfully
2025-07-28 01:07:15.563 [2559a7b4-940f-45bb-bde2-433949e0d7db]  RULE_MATCH Positive Check Rule matched successfully
2025-07-28 01:07:15.597 [973e3937-4463-4e6e-b389-384206a5f0f2]  RULE_MATCH Check Rule matched successfully
2025-07-28 01:07:15.630 [1fc0f7aa-8d63-4c4f-860e-1f89791dcf13]  RULE_MATCH Check Rule matched successfully
2025-07-28 01:07:15.631 [1fc0f7aa-8d63-4c4f-860e-1f89791dcf13]  RULE_MATCH Check Rule matched successfully
2025-07-28 01:07:15.635 [2b8a75a1-25c7-49be-b030-fd9acb780a74]  RULE_MATCH adult Rule matched successfully
2025-07-28 01:07:15.641 [d9b263be-6f5b-4564-ad14-bf198aeec6ee]  RULE_MATCH Check Rule matched successfully
2025-07-28 01:07:15.642 [d9b263be-6f5b-4564-ad14-bf198aeec6ee]  RULE_MATCH Check Rule matched successfully
2025-07-28 01:07:15.642 [d9b263be-6f5b-4564-ad14-bf198aeec6ee]  RULE_MATCH Check Rule matched successfully
2025-07-28 01:07:15.645 [237e1a89-7b75-4be6-aa15-14f3afcef9f0]  RULE_MATCH Check Rule matched successfully
2025-07-28 01:07:15.650 [237e1a89-7b75-4be6-aa15-14f3afcef9f0]  RULE_MATCH Check Rule matched successfully
2025-07-28 01:07:15.650 [237e1a89-7b75-4be6-aa15-14f3afcef9f0]  RULE_MATCH Check Rule matched successfully
2025-07-28 01:07:15.652 [606f1099-7036-4503-88e4-d52b63df1f0c]  RULE_MATCH Check Rule matched successfully
2025-07-28 01:07:15.653 [606f1099-7036-4503-88e4-d52b63df1f0c]  RULE_MATCH Check Rule matched successfully
2025-07-28 01:07:15.659 [73ce8443-5619-4794-be89-60bb91308659]  RULE_MATCH adult Rule matched successfully
2025-07-28 01:07:15.659 [73ce8443-5619-4794-be89-60bb91308659]  RULE_MATCH has-email Rule matched successfully
2025-07-28 01:07:15.666 [d31685ae-88c6-4294-8719-d35e805a6340]  RULE_MATCH adult Rule matched successfully
2025-07-28 01:07:15.683 [fd3f6cb3-2135-4511-a36b-6602a8c92d3b]  RULE_MATCH Simple Condition Rule matched successfully
2025-07-28 01:07:15.684 [fd3f6cb3-2135-4511-a36b-6602a8c92d3b]  RULE_MATCH Simple Condition Rule matched successfully
2025-07-28 01:07:15.684 [fd3f6cb3-2135-4511-a36b-6602a8c92d3b]  RULE_MATCH Simple Condition Rule matched successfully
2025-07-28 01:07:15.685 [fd3f6cb3-2135-4511-a36b-6602a8c92d3b]  RULE_MATCH Simple Condition Rule matched successfully
2025-07-28 01:07:15.693 [33302d2f-25f4-45d6-8a1b-c0c8b0d16410]  RULE_MATCH Premium Eligibility Rule matched successfully
2025-07-28 01:07:15.695 [3698a4eb-325e-4131-a3a4-de393e2d3e52]  RULE_MATCH Simple Condition Rule matched successfully
2025-07-28 01:07:15.696 [3698a4eb-325e-4131-a3a4-de393e2d3e52]  RULE_MATCH Simple Condition Rule matched successfully
2025-07-28 01:07:15.696 [3698a4eb-325e-4131-a3a4-de393e2d3e52]  RULE_MATCH Simple Condition Rule matched successfully
2025-07-28 01:07:15.699 [e0856cae-8a03-4d33-ae2b-3339d78fde0f]  RULE_MATCH Loan Eligibility Rule matched successfully
2025-07-28 01:07:15.703 [b34e5f9e-63a0-4a51-b179-acdd51368944]  RULE_MATCH Required Field Check: name Rule matched successfully
2025-07-28 01:07:15.704 [b34e5f9e-63a0-4a51-b179-acdd51368944]  RULE_MATCH Required Field Check: email Rule matched successfully
2025-07-28 01:07:15.705 [b34e5f9e-63a0-4a51-b179-acdd51368944]  RULE_MATCH Required Field Check: name Rule matched successfully
2025-07-28 01:07:15.708 [61349aac-8af5-4ef7-8564-1dc3945d8621]  RULE_MATCH Age Eligibility Check Rule matched successfully
2025-07-28 01:07:15.709 [61349aac-8af5-4ef7-8564-1dc3945d8621]  RULE_MATCH Age Eligibility Check Rule matched successfully
2025-07-28 01:07:15.712 [2f9af04b-3b57-4fc9-a889-2a6ea986c31b]  RULE_MATCH Amount Range Check Rule matched successfully
2025-07-28 01:07:15.713 [2f9af04b-3b57-4fc9-a889-2a6ea986c31b]  RULE_MATCH Amount Range Check Rule matched successfully
2025-07-28 01:07:15.713 [2f9af04b-3b57-4fc9-a889-2a6ea986c31b]  RULE_MATCH Amount Range Check Rule matched successfully
2025-07-28 01:07:15.716 [0d2e0cc4-5098-4f5c-936f-39993918cc2f]  RULE_MATCH Age Check Rule matched successfully
2025-07-28 01:07:15.936 [7a3be476-930f-4461-a473-f15a12bf5bdb]  RULE_MATCH Trade Value Validation Rule matched successfully
2025-07-28 01:07:16.077 [ac213f2b-706c-4b4d-82d8-340f84e48d09]  RULE_MATCH Age Rule Rule matched successfully
2025-07-28 01:07:16.082 [008a5bf6-b8c4-4f2e-ab3e-ece2bbe177ca]  RULE_MATCH Age Rule Rule matched successfully
2025-07-28 01:07:16.249 [3c573a52-3a84-4ea6-a04f-3008f8239d7e]  ERROR_RECOVERY Invalid Rule Error recovery successful: Continued with default result
2025-07-28 01:07:16.289 [f5f96494-cde1-4c21-9909-c71a4c59c37d]  RULE_MATCH Simple Test Rule Rule matched successfully
2025-07-28 01:07:16.291 [c1293bf3-ad35-4f89-84f7-fd3ec0bbd239]  RULE_MATCH Global Test 1 Rule matched successfully
2025-07-28 01:07:16.291 [c1293bf3-ad35-4f89-84f7-fd3ec0bbd239]  RULE_MATCH Global Test 2 Rule matched successfully
2025-07-28 01:07:16.291 [c1293bf3-ad35-4f89-84f7-fd3ec0bbd239]  RULE_MATCH Global Test 1 Rule matched successfully
2025-07-28 01:07:16.291 [c1293bf3-ad35-4f89-84f7-fd3ec0bbd239]  RULE_MATCH Global Test 2 Rule matched successfully
2025-07-28 01:07:16.291 [c1293bf3-ad35-4f89-84f7-fd3ec0bbd239]  RULE_MATCH Global Test 1 Rule matched successfully
2025-07-28 01:07:16.292 [c1293bf3-ad35-4f89-84f7-fd3ec0bbd239]  RULE_MATCH Global Test 2 Rule matched successfully
2025-07-28 01:07:16.292 [c1293bf3-ad35-4f89-84f7-fd3ec0bbd239]  RULE_MATCH Global Test 1 Rule matched successfully
2025-07-28 01:07:16.292 [c1293bf3-ad35-4f89-84f7-fd3ec0bbd239]  RULE_MATCH Global Test 2 Rule matched successfully
2025-07-28 01:07:16.292 [c1293bf3-ad35-4f89-84f7-fd3ec0bbd239]  RULE_MATCH Global Test 1 Rule matched successfully
2025-07-28 01:07:16.292 [c1293bf3-ad35-4f89-84f7-fd3ec0bbd239]  RULE_MATCH Global Test 2 Rule matched successfully
2025-07-28 01:07:16.293 [eeeedc1e-3081-495b-bf91-60d15566a14d]  RULE_MATCH Slow Rule Rule matched successfully
2025-07-28 01:07:16.294 [eeeedc1e-3081-495b-bf91-60d15566a14d]  RULE_MATCH Slow Rule Rule matched successfully
2025-07-28 01:07:16.294 [eeeedc1e-3081-495b-bf91-60d15566a14d]  RULE_MATCH Slow Rule Rule matched successfully
2025-07-28 01:07:16.294 [eeeedc1e-3081-495b-bf91-60d15566a14d]  RULE_MATCH Slow Rule Rule matched successfully
2025-07-28 01:07:16.294 [eeeedc1e-3081-495b-bf91-60d15566a14d]  RULE_MATCH Slow Rule Rule matched successfully
2025-07-28 01:07:16.295 [eeeedc1e-3081-495b-bf91-60d15566a14d]  RULE_MATCH Slow Rule Rule matched successfully
2025-07-28 01:07:16.295 [eeeedc1e-3081-495b-bf91-60d15566a14d]  RULE_MATCH Slow Rule Rule matched successfully
2025-07-28 01:07:16.295 [eeeedc1e-3081-495b-bf91-60d15566a14d]  RULE_MATCH Slow Rule Rule matched successfully
2025-07-28 01:07:16.295 [eeeedc1e-3081-495b-bf91-60d15566a14d]  RULE_MATCH Slow Rule Rule matched successfully
2025-07-28 01:07:16.296 [eeeedc1e-3081-495b-bf91-60d15566a14d]  RULE_MATCH Slow Rule Rule matched successfully
2025-07-28 01:07:16.321 [4e1487f2-8753-4d07-bf6c-b09bdd7973fa]  ERROR_RECOVERY Error Rule Error recovery successful: Continued with default result
2025-07-28 01:07:16.322 [54918d0f-a0af-4195-ad7e-73b3f84f6d92]  RULE_MATCH History Test Rule Rule matched successfully
2025-07-28 01:07:16.322 [54918d0f-a0af-4195-ad7e-73b3f84f6d92]  RULE_MATCH History Test Rule Rule matched successfully
2025-07-28 01:07:16.322 [54918d0f-a0af-4195-ad7e-73b3f84f6d92]  RULE_MATCH History Test Rule Rule matched successfully
2025-07-28 01:07:16.322 [54918d0f-a0af-4195-ad7e-73b3f84f6d92]  RULE_MATCH History Test Rule Rule matched successfully
2025-07-28 01:07:16.323 [54918d0f-a0af-4195-ad7e-73b3f84f6d92]  RULE_MATCH History Test Rule Rule matched successfully
2025-07-28 01:07:16.352 []  RULE_EXECUTION customer-rule Rule executed successfully
2025-07-28 01:15:03.348 [fb3eb3ac-4b35-4aae-85c0-c8072d9291e7]  RULE_MATCH Positive Check Rule matched successfully
2025-07-28 01:15:03.350 [fb3eb3ac-4b35-4aae-85c0-c8072d9291e7]  RULE_MATCH Range Check Rule matched successfully
2025-07-28 01:15:03.351 [fb3eb3ac-4b35-4aae-85c0-c8072d9291e7]  RULE_MATCH Positive Check Rule matched successfully
2025-07-28 01:15:03.376 [8b00b680-7a38-4df9-be47-f66f6ecbcf5b]  RULE_MATCH Check Rule matched successfully
2025-07-28 01:15:03.409 [1978d038-b83e-460c-aa28-33fd8aad95cf]  RULE_MATCH Check Rule matched successfully
2025-07-28 01:15:03.411 [1978d038-b83e-460c-aa28-33fd8aad95cf]  RULE_MATCH Check Rule matched successfully
2025-07-28 01:15:03.414 [d1da2dab-4acd-43c7-b16a-d91b2cf8ca68]  RULE_MATCH adult Rule matched successfully
2025-07-28 01:15:03.418 [8e11de7b-74b2-4e25-aef0-4b995fa6ebdd]  RULE_MATCH Check Rule matched successfully
2025-07-28 01:15:03.419 [8e11de7b-74b2-4e25-aef0-4b995fa6ebdd]  RULE_MATCH Check Rule matched successfully
2025-07-28 01:15:03.420 [8e11de7b-74b2-4e25-aef0-4b995fa6ebdd]  RULE_MATCH Check Rule matched successfully
2025-07-28 01:15:03.422 [200488b0-ca50-4641-bc9f-0a8795001cf2]  RULE_MATCH Check Rule matched successfully
2025-07-28 01:15:03.427 [200488b0-ca50-4641-bc9f-0a8795001cf2]  RULE_MATCH Check Rule matched successfully
2025-07-28 01:15:03.428 [200488b0-ca50-4641-bc9f-0a8795001cf2]  RULE_MATCH Check Rule matched successfully
2025-07-28 01:15:03.430 [4fd0ac46-617c-4f55-9f44-83df5027c346]  RULE_MATCH Check Rule matched successfully
2025-07-28 01:15:03.431 [4fd0ac46-617c-4f55-9f44-83df5027c346]  RULE_MATCH Check Rule matched successfully
2025-07-28 01:15:03.437 [9f86de5c-1170-45fa-8672-5edfa81820f3]  RULE_MATCH adult Rule matched successfully
2025-07-28 01:15:03.437 [9f86de5c-1170-45fa-8672-5edfa81820f3]  RULE_MATCH has-email Rule matched successfully
2025-07-28 01:15:03.444 [b7df17f7-d821-49ed-aaab-f53868121360]  RULE_MATCH adult Rule matched successfully
2025-07-28 01:15:03.458 [771ca1b7-2b06-4305-a322-c6dc4ee6793e]  RULE_MATCH Simple Condition Rule matched successfully
2025-07-28 01:15:03.459 [771ca1b7-2b06-4305-a322-c6dc4ee6793e]  RULE_MATCH Simple Condition Rule matched successfully
2025-07-28 01:15:03.459 [771ca1b7-2b06-4305-a322-c6dc4ee6793e]  RULE_MATCH Simple Condition Rule matched successfully
2025-07-28 01:15:03.460 [771ca1b7-2b06-4305-a322-c6dc4ee6793e]  RULE_MATCH Simple Condition Rule matched successfully
2025-07-28 01:15:03.465 [317c8c13-d77f-4871-a9fc-e1b66420cada]  RULE_MATCH Premium Eligibility Rule matched successfully
2025-07-28 01:15:03.467 [60d487bd-1e12-4f11-9b7f-11ea42695274]  RULE_MATCH Simple Condition Rule matched successfully
2025-07-28 01:15:03.468 [60d487bd-1e12-4f11-9b7f-11ea42695274]  RULE_MATCH Simple Condition Rule matched successfully
2025-07-28 01:15:03.469 [60d487bd-1e12-4f11-9b7f-11ea42695274]  RULE_MATCH Simple Condition Rule matched successfully
2025-07-28 01:15:03.471 [0cba32e1-78bf-437e-ba37-a0ed2ced6e51]  RULE_MATCH Loan Eligibility Rule matched successfully
2025-07-28 01:15:03.475 [2b9bf3bc-ba30-4e08-84c8-4ca114348a69]  RULE_MATCH Required Field Check: name Rule matched successfully
2025-07-28 01:15:03.476 [2b9bf3bc-ba30-4e08-84c8-4ca114348a69]  RULE_MATCH Required Field Check: email Rule matched successfully
2025-07-28 01:15:03.477 [2b9bf3bc-ba30-4e08-84c8-4ca114348a69]  RULE_MATCH Required Field Check: name Rule matched successfully
2025-07-28 01:15:03.480 [edd7c607-999b-4591-a52e-0ae480fdaf84]  RULE_MATCH Age Eligibility Check Rule matched successfully
2025-07-28 01:15:03.481 [edd7c607-999b-4591-a52e-0ae480fdaf84]  RULE_MATCH Age Eligibility Check Rule matched successfully
2025-07-28 01:15:03.484 [f91df106-23a9-4c8e-a812-1d965a55a832]  RULE_MATCH Amount Range Check Rule matched successfully
2025-07-28 01:15:03.485 [f91df106-23a9-4c8e-a812-1d965a55a832]  RULE_MATCH Amount Range Check Rule matched successfully
2025-07-28 01:15:03.485 [f91df106-23a9-4c8e-a812-1d965a55a832]  RULE_MATCH Amount Range Check Rule matched successfully
2025-07-28 01:15:03.487 [79466bbe-3f07-4776-830f-0c0733ed2f0d]  RULE_MATCH Age Check Rule matched successfully
2025-07-28 01:15:03.689 [b0974675-b3e9-4ae1-bd80-8d57ee2bc3ec]  RULE_MATCH Trade Value Validation Rule matched successfully
2025-07-28 01:15:03.838 [71d795d6-da13-4842-92a7-98fd8492951b]  RULE_MATCH Age Rule Rule matched successfully
2025-07-28 01:15:03.842 [89d5140f-cdad-425c-a069-f5344a313904]  RULE_MATCH Age Rule Rule matched successfully
2025-07-28 01:15:04.030 [503b7bec-b102-4ec4-8dde-1c23fdf5c1fb]  ERROR_RECOVERY Invalid Rule Error recovery successful: Continued with default result
2025-07-28 01:15:04.066 [8174228a-c1a0-44b3-8ed1-a3c13c747419]  RULE_MATCH Simple Test Rule Rule matched successfully
2025-07-28 01:15:04.068 [1c775ade-5542-499a-899b-5fb280e66d30]  RULE_MATCH Global Test 1 Rule matched successfully
2025-07-28 01:15:04.068 [1c775ade-5542-499a-899b-5fb280e66d30]  RULE_MATCH Global Test 2 Rule matched successfully
2025-07-28 01:15:04.068 [1c775ade-5542-499a-899b-5fb280e66d30]  RULE_MATCH Global Test 1 Rule matched successfully
2025-07-28 01:15:04.068 [1c775ade-5542-499a-899b-5fb280e66d30]  RULE_MATCH Global Test 2 Rule matched successfully
2025-07-28 01:15:04.069 [1c775ade-5542-499a-899b-5fb280e66d30]  RULE_MATCH Global Test 1 Rule matched successfully
2025-07-28 01:15:04.069 [1c775ade-5542-499a-899b-5fb280e66d30]  RULE_MATCH Global Test 2 Rule matched successfully
2025-07-28 01:15:04.069 [1c775ade-5542-499a-899b-5fb280e66d30]  RULE_MATCH Global Test 1 Rule matched successfully
2025-07-28 01:15:04.069 [1c775ade-5542-499a-899b-5fb280e66d30]  RULE_MATCH Global Test 2 Rule matched successfully
2025-07-28 01:15:04.069 [1c775ade-5542-499a-899b-5fb280e66d30]  RULE_MATCH Global Test 1 Rule matched successfully
2025-07-28 01:15:04.069 [1c775ade-5542-499a-899b-5fb280e66d30]  RULE_MATCH Global Test 2 Rule matched successfully
2025-07-28 01:15:04.070 [dc81a07b-b87b-4ddb-950d-fe5b37faf079]  RULE_MATCH Slow Rule Rule matched successfully
2025-07-28 01:15:04.071 [dc81a07b-b87b-4ddb-950d-fe5b37faf079]  RULE_MATCH Slow Rule Rule matched successfully
2025-07-28 01:15:04.071 [dc81a07b-b87b-4ddb-950d-fe5b37faf079]  RULE_MATCH Slow Rule Rule matched successfully
2025-07-28 01:15:04.071 [dc81a07b-b87b-4ddb-950d-fe5b37faf079]  RULE_MATCH Slow Rule Rule matched successfully
2025-07-28 01:15:04.071 [dc81a07b-b87b-4ddb-950d-fe5b37faf079]  RULE_MATCH Slow Rule Rule matched successfully
2025-07-28 01:15:04.072 [dc81a07b-b87b-4ddb-950d-fe5b37faf079]  RULE_MATCH Slow Rule Rule matched successfully
2025-07-28 01:15:04.072 [dc81a07b-b87b-4ddb-950d-fe5b37faf079]  RULE_MATCH Slow Rule Rule matched successfully
2025-07-28 01:15:04.072 [dc81a07b-b87b-4ddb-950d-fe5b37faf079]  RULE_MATCH Slow Rule Rule matched successfully
2025-07-28 01:15:04.072 [dc81a07b-b87b-4ddb-950d-fe5b37faf079]  RULE_MATCH Slow Rule Rule matched successfully
2025-07-28 01:15:04.073 [dc81a07b-b87b-4ddb-950d-fe5b37faf079]  RULE_MATCH Slow Rule Rule matched successfully
2025-07-28 01:15:04.092 [bf8418d3-a24f-4e5e-a4cf-3eb1ac80c461]  ERROR_RECOVERY Error Rule Error recovery successful: Continued with default result
2025-07-28 01:15:04.093 [86ca83cc-80fe-4289-beee-f090fd487979]  RULE_MATCH History Test Rule Rule matched successfully
2025-07-28 01:15:04.093 [86ca83cc-80fe-4289-beee-f090fd487979]  RULE_MATCH History Test Rule Rule matched successfully
2025-07-28 01:15:04.093 [86ca83cc-80fe-4289-beee-f090fd487979]  RULE_MATCH History Test Rule Rule matched successfully
2025-07-28 01:15:04.093 [86ca83cc-80fe-4289-beee-f090fd487979]  RULE_MATCH History Test Rule Rule matched successfully
2025-07-28 01:15:04.094 [86ca83cc-80fe-4289-beee-f090fd487979]  RULE_MATCH History Test Rule Rule matched successfully
2025-07-28 01:15:04.125 []  RULE_EXECUTION customer-rule Rule executed successfully
